2026-04-09 15:34:01,853 [INFO] Installing: scikit-learn
2026-04-09 15:34:12,901 [INFO] Loaded phishing_email.csv: 82486 rows
2026-04-09 15:34:13,235 [INFO] Loaded SpamAssasin.csv: 5809 rows
2026-04-09 15:34:13,463 [INFO] Loaded Nazario.csv: 1565 rows
2026-04-09 15:34:14,468 [INFO] Loaded Enron.csv: 29767 rows
2026-04-09 15:34:14,694 [INFO] Loaded Nigerian_Fraud.csv: 3332 rows
2026-04-09 15:34:16,338 [INFO] Loaded CEAS_08.csv: 39154 rows
2026-04-09 15:34:16,562 [INFO] Loaded Ling.csv: 2859 rows
2026-04-09 15:34:16,589 [INFO] Total combined dataset: 164972 rows
2026-04-09 15:34:16,603 [INFO] Label distribution: {1: 85782, 0: 79190}
2026-04-09 15:34:16,604 [INFO] === Training Header XGBoost Model ===
2026-04-09 15:34:16,604 [ERROR] No header feature columns found in dataset!
2026-04-09 15:34:16,604 [INFO] === Training Body RoBERTa Model ===
2026-04-09 15:34:16,796 [INFO] Training on 70112 samples (device=cpu)
2026-04-09 16:08:34,991 [INFO] Installing: scikit-learn
2026-04-09 16:08:51,425 [INFO] Loaded phishing_email.csv: 82486 rows
2026-04-09 16:08:51,761 [INFO] Loaded SpamAssasin.csv: 5809 rows
2026-04-09 16:08:51,989 [INFO] Loaded Nazario.csv: 1565 rows
2026-04-09 16:08:53,159 [INFO] Loaded Enron.csv: 29767 rows
2026-04-09 16:08:53,407 [INFO] Loaded Nigerian_Fraud.csv: 3332 rows
2026-04-09 16:08:55,366 [INFO] Loaded CEAS_08.csv: 39154 rows
2026-04-09 16:08:55,581 [INFO] Loaded Ling.csv: 2859 rows
2026-04-09 16:08:55,609 [INFO] Total combined dataset: 164972 rows
2026-04-09 16:08:55,628 [INFO] Label distribution: {1: 85782, 0: 79190}
2026-04-09 16:08:55,629 [INFO] === Training Header XGBoost Model ===
2026-04-09 16:08:55,629 [ERROR] No header feature columns found in dataset!
2026-04-09 16:08:55,629 [INFO] === Training Body RoBERTa Model ===
2026-04-09 16:08:55,819 [INFO] Training on 70112 samples (device=cpu)
2026-04-09 16:41:53,639 [INFO] Installing: scikit-learn
2026-04-09 16:42:08,813 [INFO] Loaded phishing_email.csv: 82486 rows
2026-04-09 16:42:09,153 [INFO] Loaded SpamAssasin.csv: 5809 rows
2026-04-09 16:42:09,386 [INFO] Loaded Nazario.csv: 1565 rows
2026-04-09 16:42:10,461 [INFO] Loaded Enron.csv: 29767 rows
2026-04-09 16:42:10,721 [INFO] Loaded Nigerian_Fraud.csv: 3332 rows
2026-04-09 16:42:12,439 [INFO] Loaded CEAS_08.csv: 39154 rows
2026-04-09 16:42:12,671 [INFO] Loaded Ling.csv: 2859 rows
2026-04-09 16:42:12,700 [INFO] Total combined dataset: 164972 rows
2026-04-09 16:42:12,716 [INFO] Label distribution: {1: 85782, 0: 79190}
2026-04-09 16:42:12,717 [INFO] === Training Header XGBoost Model ===
2026-04-09 16:42:12,717 [ERROR] No header feature columns found in dataset!
2026-04-09 16:42:12,717 [INFO] === Training Body RoBERTa Model ===
2026-04-09 16:42:12,925 [INFO] Training on 70112 samples (device=cpu)
2026-04-09 16:44:00,635 [INFO] Installing: scikit-learn
2026-04-09 16:44:13,876 [INFO] Loaded phishing_email.csv: 82486 rows
2026-04-09 16:44:14,282 [INFO] Loaded SpamAssasin.csv: 5809 rows
2026-04-09 16:44:14,553 [INFO] Loaded Nazario.csv: 1565 rows
2026-04-09 16:44:15,739 [INFO] Loaded Enron.csv: 29767 rows
2026-04-09 16:44:16,017 [INFO] Loaded Nigerian_Fraud.csv: 3332 rows
2026-04-09 16:44:17,943 [INFO] Loaded CEAS_08.csv: 39154 rows
2026-04-09 16:44:18,199 [INFO] Loaded Ling.csv: 2859 rows
2026-04-09 16:44:18,264 [INFO] Total combined dataset: 164972 rows
2026-04-09 16:44:18,300 [INFO] Label distribution: {1: 85782, 0: 79190}
2026-04-09 16:44:18,300 [INFO] === Training Header XGBoost Model ===
2026-04-09 16:44:18,301 [ERROR] No header feature columns found in dataset!
2026-04-09 16:44:18,301 [INFO] === Training Body RoBERTa Model ===
2026-04-09 16:44:18,572 [INFO] Training on 70112 samples (device=cpu)
2026-04-11 22:51:43,339 [INFO] Installing: scikit-learn
2026-04-11 22:55:47,865 [INFO] Installing: scikit-learn
2026-04-11 22:56:09,170 [INFO] Loaded phishing_email.csv: 82486 rows
2026-04-11 22:56:09,666 [INFO] Loaded SpamAssasin.csv: 5809 rows
2026-04-11 22:56:09,970 [INFO] Loaded Nazario.csv: 1565 rows
2026-04-11 22:56:11,503 [INFO] Loaded Enron.csv: 29767 rows
2026-04-11 22:56:11,817 [INFO] Loaded Nigerian_Fraud.csv: 3332 rows
2026-04-11 22:56:14,375 [INFO] Loaded CEAS_08.csv: 39154 rows
2026-04-11 22:56:14,678 [INFO] Loaded Ling.csv: 2859 rows
2026-04-11 22:56:14,713 [INFO] Total combined dataset: 164972 rows
2026-04-11 22:56:14,728 [INFO] Label distribution: {1: 85782, 0: 79190}
2026-04-11 22:56:14,728 [INFO] === Training Header XGBoost Model ===
2026-04-11 22:56:14,729 [ERROR] No header feature columns found in dataset!
2026-04-11 22:56:14,729 [INFO] === Training Body RoBERTa Model ===
2026-04-11 22:56:14,983 [INFO] Training on 70112 samples (device=cpu)
2026-04-12 00:00:22,254 [INFO] Installing: scikit-learn
2026-04-12 00:00:52,547 [INFO] Loaded phishing_email.csv: 82486 rows
2026-04-12 00:00:53,273 [INFO] Loaded SpamAssasin.csv: 5809 rows
2026-04-12 00:00:53,675 [INFO] Loaded Nazario.csv: 1565 rows
2026-04-12 00:00:55,591 [INFO] Loaded Enron.csv: 29767 rows
2026-04-12 00:00:56,023 [INFO] Loaded Nigerian_Fraud.csv: 3332 rows
2026-04-12 00:00:59,631 [INFO] Loaded CEAS_08.csv: 39154 rows
2026-04-12 00:01:00,021 [INFO] Loaded Ling.csv: 2859 rows
2026-04-12 00:01:00,071 [INFO] Total combined dataset: 164972 rows
2026-04-12 00:01:00,115 [INFO] Label distribution: {1: 85782, 0: 79190}
2026-04-12 00:01:00,115 [INFO] === Training Header XGBoost Model ===
2026-04-12 00:01:00,115 [ERROR] No header feature columns found in dataset!
2026-04-12 00:01:00,116 [INFO] === Training Body RoBERTa Model ===
2026-04-12 00:01:00,490 [INFO] Training on 70112 samples (device=cpu)
